eggNOG_data/5.0.0: Data available at $EGGNOG_DATA_ROOT, see 'module help eggNOG_data/5.0.0'
[1;32mFunctional annotation of hits...[0m
0 2.6226043701171875e-06 0.00 q/s (% mem usage: 9.20, % mem avail: 90.78)
#  emapper-2.1.9-654a799
# emapper.py  --cpu 8 -i /domus/h1/bianc/genomeanalysis/results/braker2/braker/braker_protein_output.faa --itype proteins --output_dir /home/bianc/genomeanalysis/results/eggnog_with_gtf -o eggnog_annotation --decorate_gff /domus/h1/bianc/genomeanalysis/results/braker2/braker/braker_changedIDs.gtf --decorate_gff_ID_field ID
[1;33m  /sw/bioinfo/eggNOG-mapper/2.1.9/snowy/bin/diamond blastp -d /crex/data/eggNOG_data/5.0.0/rackham/eggnog_proteins.dmnd -q /domus/h1/bianc/genomeanalysis/results/braker2/braker/braker_protein_output.faa --threads 8 -o /domus/h1/bianc/genomeanalysis/results/eggnog_with_gtf/eggnog_annotation.emapper.hits --tmpdir /domus/h1/bianc/genomeanalysis/code/eggnog/emappertmp_dmdn_2xzka0_8 --sensitive --iterate -e 0.001 --top 3  --outfmt 6 qseqid sseqid pident length mismatch gapopen qstart qend sstart send evalue bitscore qcovhsp scovhsp[0m
[1;32mDecorating gff file /domus/h1/bianc/genomeanalysis/results/braker2/braker/braker_changedIDs.gtf...[0m
500 20.860061168670654 23.97 q/s (% mem usage: 10.80, % mem avail: 89.22)
1000 27.29468035697937 36.64 q/s (% mem usage: 10.90, % mem avail: 89.12)
1500 32.348488569259644 46.37 q/s (% mem usage: 10.90, % mem avail: 89.08)
1997 41.17489719390869 48.50 q/s (% mem usage: 10.90, % mem avail: 89.12)
[32mDone[0m
[1;33mResult files:[0m
   /domus/h1/bianc/genomeanalysis/results/eggnog_with_gtf/eggnog_annotation.emapper.decorated.gff
   /domus/h1/bianc/genomeanalysis/results/eggnog_with_gtf/eggnog_annotation.emapper.hits
   /domus/h1/bianc/genomeanalysis/results/eggnog_with_gtf/eggnog_annotation.emapper.seed_orthologs
   /domus/h1/bianc/genomeanalysis/results/eggnog_with_gtf/eggnog_annotation.emapper.annotations

================================================================================
CITATION:
If you use this software, please cite:

[1] eggNOG-mapper v2: functional annotation, orthology assignments, and domain 
      prediction at the metagenomic scale. Carlos P. Cantalapiedra, 
      Ana Hernandez-Plaza, Ivica Letunic, Peer Bork, Jaime Huerta-Cepas. 2021.
      Molecular Biology and Evolution, msab293, https://doi.org/10.1093/molbev/msab293

[2] eggNOG 5.0: a hierarchical, functionally and phylogenetically annotated
      orthology resource based on 5090 organisms and 2502 viruses. Jaime
      Huerta-Cepas, Damian Szklarczyk, Davide Heller, Ana Hernandez-Plaza,
      Sofia K Forslund, Helen Cook, Daniel R Mende, Ivica Letunic, Thomas
      Rattei, Lars J Jensen, Christian von Mering and Peer Bork. Nucleic Acids
      Research, Volume 47, Issue D1, 8 January 2019, Pages D309-D314,
      https://doi.org/10.1093/nar/gky1085 

[3] Sensitive protein alignments at tree-of-life scale using DIAMOND.
       Buchfink B, Reuter K, Drost HG. 2021.
       Nature Methods 18, 366–368 (2021). https://doi.org/10.1038/s41592-021-01101-x

e.g. Functional annotation was performed using eggNOG-mapper (version emapper-2.1.9-654a799) [1]
 based on eggNOG orthology data [2]. Sequence searches were performed using [3].

================================================================================

Total hits processed: 1997
Total time: 882 secs
FINISHED
