/sw/bioinfo/quast/5.0.2/snowy/bin/quast.py /home/bianc/genomeanalysis/results/dna_assembly/assembly.fasta

Version: 5.0.2

System information:
  OS: Linux-3.10.0-1160.119.1.el7.x86_64-x86_64-with-centos-7.9.2009-Core (linux_64)
  Python version: 3.7.2
  CPUs number: 16

Started: 2025-04-10 08:53:28

Logging to /domus/h1/bianc/genomeanalysis/results/dna_assembly_quality/quast/quast_results/results_2025_04_10_08_53_28/quast.log
NOTICE: Maximum number of threads is set to 4 (use --threads option to set it manually)

CWD: /domus/h1/bianc/genomeanalysis/results/dna_assembly_quality/quast
Main parameters: 
  MODE: default, threads: 4, minimum contig length: 500, minimum alignment length: 65, \
  ambiguity: one, threshold for extensive misassembly size: 1000

Contigs:
  Pre-processing...
  /home/bianc/genomeanalysis/results/dna_assembly/assembly.fasta ==> assembly

2025-04-10 08:53:31
Running Basic statistics processor...
  Contig files: 
    assembly
  Calculating N50 and L50...
    assembly, N50 = 2069005, L50 = 3, Total length = 16931765, GC % = 42.09, # N's per 100 kbp =  0.00
  Drawing Nx plot...
    saved to /domus/h1/bianc/genomeanalysis/results/dna_assembly_quality/quast/quast_results/results_2025_04_10_08_53_28/basic_stats/Nx_plot.pdf
  Drawing cumulative plot...
    saved to /domus/h1/bianc/genomeanalysis/results/dna_assembly_quality/quast/quast_results/results_2025_04_10_08_53_28/basic_stats/cumulative_plot.pdf
  Drawing GC content plot...
    saved to /domus/h1/bianc/genomeanalysis/results/dna_assembly_quality/quast/quast_results/results_2025_04_10_08_53_28/basic_stats/GC_content_plot.pdf
  Drawing assembly GC content plot...
    saved to /domus/h1/bianc/genomeanalysis/results/dna_assembly_quality/quast/quast_results/results_2025_04_10_08_53_28/basic_stats/assembly_GC_content_plot.pdf
Done.

NOTICE: Genes are not predicted by default. Use --gene-finding or --glimmer option to enable it.

2025-04-10 08:53:34
Creating large visual summaries...
This may take a while: press Ctrl-C to skip this step..
  1 of 2: Creating Icarus viewers...
  2 of 2: Creating PDF with all tables and plots...
Done

2025-04-10 08:53:34
RESULTS:
  Text versions of total report are saved to /domus/h1/bianc/genomeanalysis/results/dna_assembly_quality/quast/quast_results/results_2025_04_10_08_53_28/report.txt, report.tsv, and report.tex
  Text versions of transposed total report are saved to /domus/h1/bianc/genomeanalysis/results/dna_assembly_quality/quast/quast_results/results_2025_04_10_08_53_28/transposed_report.txt, transposed_report.tsv, and transposed_report.tex
  HTML version (interactive tables and plots) is saved to /domus/h1/bianc/genomeanalysis/results/dna_assembly_quality/quast/quast_results/results_2025_04_10_08_53_28/report.html
  PDF version (tables and plots) is saved to /domus/h1/bianc/genomeanalysis/results/dna_assembly_quality/quast/quast_results/results_2025_04_10_08_53_28/report.pdf
  Icarus (contig browser) is saved to /domus/h1/bianc/genomeanalysis/results/dna_assembly_quality/quast/quast_results/results_2025_04_10_08_53_28/icarus.html
  Log is saved to /domus/h1/bianc/genomeanalysis/results/dna_assembly_quality/quast/quast_results/results_2025_04_10_08_53_28/quast.log

Finished: 2025-04-10 08:53:35
Elapsed time: 0:00:06.951428
NOTICEs: 2; WARNINGs: 0; non-fatal ERRORs: 0

Thank you for using QUAST!
