21684383 reads; of these:
  21684383 (100.00%) were paired; of these:
    19802848 (91.32%) aligned concordantly 0 times
    1745121 (8.05%) aligned concordantly exactly 1 time
    136414 (0.63%) aligned concordantly >1 times
    ----
    19802848 pairs aligned concordantly 0 times; of these:
      17430 (0.09%) aligned discordantly 1 time
    ----
    19785418 pairs aligned 0 times concordantly or discordantly; of these:
      39570836 mates make up the pairs; of these:
        39292828 (99.30%) aligned 0 times
        254512 (0.64%) aligned exactly 1 time
        23496 (0.06%) aligned >1 times
9.40% overall alignment rate
21983448 reads; of these:
  21983448 (100.00%) were paired; of these:
    20266373 (92.19%) aligned concordantly 0 times
    1611640 (7.33%) aligned concordantly exactly 1 time
    105435 (0.48%) aligned concordantly >1 times
    ----
    20266373 pairs aligned concordantly 0 times; of these:
      17284 (0.09%) aligned discordantly 1 time
    ----
    20249089 pairs aligned 0 times concordantly or discordantly; of these:
      40498178 mates make up the pairs; of these:
        40247334 (99.38%) aligned 0 times
        230217 (0.57%) aligned exactly 1 time
        20627 (0.05%) aligned >1 times
8.46% overall alignment rate
22921737 reads; of these:
  22921737 (100.00%) were paired; of these:
    21084473 (91.98%) aligned concordantly 0 times
    1705278 (7.44%) aligned concordantly exactly 1 time
    131986 (0.58%) aligned concordantly >1 times
    ----
    21084473 pairs aligned concordantly 0 times; of these:
      15279 (0.07%) aligned discordantly 1 time
    ----
    21069194 pairs aligned 0 times concordantly or discordantly; of these:
      42138388 mates make up the pairs; of these:
        41923536 (99.49%) aligned 0 times
        195572 (0.46%) aligned exactly 1 time
        19280 (0.05%) aligned >1 times
8.55% overall alignment rate
22254075 reads; of these:
  22254075 (100.00%) were paired; of these:
    20384881 (91.60%) aligned concordantly 0 times
    1716910 (7.72%) aligned concordantly exactly 1 time
    152284 (0.68%) aligned concordantly >1 times
    ----
    20384881 pairs aligned concordantly 0 times; of these:
      9234 (0.05%) aligned discordantly 1 time
    ----
    20375647 pairs aligned 0 times concordantly or discordantly; of these:
      40751294 mates make up the pairs; of these:
        40569313 (99.55%) aligned 0 times
        162186 (0.40%) aligned exactly 1 time
        19795 (0.05%) aligned >1 times
8.85% overall alignment rate
21629229 reads; of these:
  21629229 (100.00%) were paired; of these:
    19845427 (91.75%) aligned concordantly 0 times
    1656532 (7.66%) aligned concordantly exactly 1 time
    127270 (0.59%) aligned concordantly >1 times
    ----
    19845427 pairs aligned concordantly 0 times; of these:
      13106 (0.07%) aligned discordantly 1 time
    ----
    19832321 pairs aligned 0 times concordantly or discordantly; of these:
      39664642 mates make up the pairs; of these:
        39490639 (99.56%) aligned 0 times
        157299 (0.40%) aligned exactly 1 time
        16704 (0.04%) aligned >1 times
8.71% overall alignment rate
22229513 reads; of these:
  22229513 (100.00%) were paired; of these:
    20273810 (91.20%) aligned concordantly 0 times
    1832383 (8.24%) aligned concordantly exactly 1 time
    123320 (0.55%) aligned concordantly >1 times
    ----
    20273810 pairs aligned concordantly 0 times; of these:
      14996 (0.07%) aligned discordantly 1 time
    ----
    20258814 pairs aligned 0 times concordantly or discordantly; of these:
      40517628 mates make up the pairs; of these:
        40282862 (99.42%) aligned 0 times
        215629 (0.53%) aligned exactly 1 time
        19137 (0.05%) aligned >1 times
9.39% overall alignment rate
