/sw/bioinfo/quast/5.0.2/rackham/bin/quast.py -t 2 /domus/h1/bianc/genomeanalysis/results/polishing/pilon.fasta

Version: 5.0.2

System information:
  OS: Linux-3.10.0-1160.119.1.el7.x86_64-x86_64-with-centos-7.9.2009-Core (linux_64)
  Python version: 3.7.2
  CPUs number: 40

Started: 2025-04-16 16:04:54

Logging to /domus/h1/bianc/genomeanalysis/results/polishing/polishing_quality/quast_results/results_2025_04_16_16_04_54/quast.log

CWD: /domus/h1/bianc/genomeanalysis/results/polishing/polishing_quality
Main parameters: 
  MODE: default, threads: 2, minimum contig length: 500, minimum alignment length: 65, \
  ambiguity: one, threshold for extensive misassembly size: 1000

Contigs:
  Pre-processing...
  /domus/h1/bianc/genomeanalysis/results/polishing/pilon.fasta ==> pilon

2025-04-16 16:04:57
Running Basic statistics processor...
  Contig files: 
    pilon
  Calculating N50 and L50...
    pilon, N50 = 2073016, L50 = 3, Total length = 16963780, GC % = 41.92, # N's per 100 kbp =  0.00
  Drawing Nx plot...
    saved to /domus/h1/bianc/genomeanalysis/results/polishing/polishing_quality/quast_results/results_2025_04_16_16_04_54/basic_stats/Nx_plot.pdf
  Drawing cumulative plot...
    saved to /domus/h1/bianc/genomeanalysis/results/polishing/polishing_quality/quast_results/results_2025_04_16_16_04_54/basic_stats/cumulative_plot.pdf
  Drawing GC content plot...
    saved to /domus/h1/bianc/genomeanalysis/results/polishing/polishing_quality/quast_results/results_2025_04_16_16_04_54/basic_stats/GC_content_plot.pdf
  Drawing pilon GC content plot...
    saved to /domus/h1/bianc/genomeanalysis/results/polishing/polishing_quality/quast_results/results_2025_04_16_16_04_54/basic_stats/pilon_GC_content_plot.pdf
Done.

NOTICE: Genes are not predicted by default. Use --gene-finding or --glimmer option to enable it.

2025-04-16 16:05:00
Creating large visual summaries...
This may take a while: press Ctrl-C to skip this step..
  1 of 2: Creating Icarus viewers...
  2 of 2: Creating PDF with all tables and plots...
Done

2025-04-16 16:05:02
RESULTS:
  Text versions of total report are saved to /domus/h1/bianc/genomeanalysis/results/polishing/polishing_quality/quast_results/results_2025_04_16_16_04_54/report.txt, report.tsv, and report.tex
  Text versions of transposed total report are saved to /domus/h1/bianc/genomeanalysis/results/polishing/polishing_quality/quast_results/results_2025_04_16_16_04_54/transposed_report.txt, transposed_report.tsv, and transposed_report.tex
  HTML version (interactive tables and plots) is saved to /domus/h1/bianc/genomeanalysis/results/polishing/polishing_quality/quast_results/results_2025_04_16_16_04_54/report.html
  PDF version (tables and plots) is saved to /domus/h1/bianc/genomeanalysis/results/polishing/polishing_quality/quast_results/results_2025_04_16_16_04_54/report.pdf
  Icarus (contig browser) is saved to /domus/h1/bianc/genomeanalysis/results/polishing/polishing_quality/quast_results/results_2025_04_16_16_04_54/icarus.html
  Log is saved to /domus/h1/bianc/genomeanalysis/results/polishing/polishing_quality/quast_results/results_2025_04_16_16_04_54/quast.log

Finished: 2025-04-16 16:05:02
Elapsed time: 0:00:08.074597
NOTICEs: 1; WARNINGs: 0; non-fatal ERRORs: 0

Thank you for using QUAST!
