/sw/bioinfo/quast/5.0.2/snowy/bin/quast.py -t 2 /proj/uppmax2025-3-3/nobackup/work/bianca/get_organelle/embplant_pt.K105.scaffolds.graph1.1.path_sequence.fasta

Version: 5.0.2

System information:
  OS: Linux-3.10.0-1160.119.1.el7.x86_64-x86_64-with-centos-7.9.2009-Core (linux_64)
  Python version: 3.7.2
  CPUs number: 16

Started: 2025-05-22 02:41:54

Logging to /crex/proj/uppmax2025-3-3/nobackup/work/bianca/get_organelle/quast_results/results_2025_05_22_02_41_54/quast.log

CWD: /crex/proj/uppmax2025-3-3/nobackup/work/bianca/get_organelle
Main parameters: 
  MODE: default, threads: 2, minimum contig length: 500, minimum alignment length: 65, \
  ambiguity: one, threshold for extensive misassembly size: 1000

Contigs:
  Pre-processing...
  /proj/uppmax2025-3-3/nobackup/work/bianca/get_organelle/embplant_pt.K105.scaffolds.graph1.1.path_sequence.fasta ==> embplant_pt.K105.scaffolds.graph1.1.path_sequence

2025-05-22 02:41:56
Running Basic statistics processor...
  Contig files: 
    embplant_pt.K105.scaffolds.graph1.1.path_sequence
  Calculating N50 and L50...
    embplant_pt.K105.scaffolds.graph1.1.path_sequence, N50 = 582, L50 = 2, Total length = 1719, GC % = 24.55, # N's per 100 kbp =  0.00
  Drawing Nx plot...
    saved to /crex/proj/uppmax2025-3-3/nobackup/work/bianca/get_organelle/quast_results/results_2025_05_22_02_41_54/basic_stats/Nx_plot.pdf
  Drawing cumulative plot...
    saved to /crex/proj/uppmax2025-3-3/nobackup/work/bianca/get_organelle/quast_results/results_2025_05_22_02_41_54/basic_stats/cumulative_plot.pdf
  Drawing GC content plot...
    saved to /crex/proj/uppmax2025-3-3/nobackup/work/bianca/get_organelle/quast_results/results_2025_05_22_02_41_54/basic_stats/GC_content_plot.pdf
  Drawing embplant_pt.K105.scaffolds.graph1.1.path_sequence GC content plot...
    saved to /crex/proj/uppmax2025-3-3/nobackup/work/bianca/get_organelle/quast_results/results_2025_05_22_02_41_54/basic_stats/embplant_pt.K105.scaffolds.graph1.1.path_sequence_GC_content_plot.pdf
Done.

NOTICE: Genes are not predicted by default. Use --gene-finding or --glimmer option to enable it.

2025-05-22 02:41:57
Creating large visual summaries...
This may take a while: press Ctrl-C to skip this step..
  1 of 2: Creating Icarus viewers...
  2 of 2: Creating PDF with all tables and plots...
Done

2025-05-22 02:41:58
RESULTS:
  Text versions of total report are saved to /crex/proj/uppmax2025-3-3/nobackup/work/bianca/get_organelle/quast_results/results_2025_05_22_02_41_54/report.txt, report.tsv, and report.tex
  Text versions of transposed total report are saved to /crex/proj/uppmax2025-3-3/nobackup/work/bianca/get_organelle/quast_results/results_2025_05_22_02_41_54/transposed_report.txt, transposed_report.tsv, and transposed_report.tex
  HTML version (interactive tables and plots) is saved to /crex/proj/uppmax2025-3-3/nobackup/work/bianca/get_organelle/quast_results/results_2025_05_22_02_41_54/report.html
  PDF version (tables and plots) is saved to /crex/proj/uppmax2025-3-3/nobackup/work/bianca/get_organelle/quast_results/results_2025_05_22_02_41_54/report.pdf
  Icarus (contig browser) is saved to /crex/proj/uppmax2025-3-3/nobackup/work/bianca/get_organelle/quast_results/results_2025_05_22_02_41_54/icarus.html
  Log is saved to /crex/proj/uppmax2025-3-3/nobackup/work/bianca/get_organelle/quast_results/results_2025_05_22_02_41_54/quast.log

Finished: 2025-05-22 02:41:58
Elapsed time: 0:00:03.813096
NOTICEs: 1; WARNINGs: 0; non-fatal ERRORs: 0

Thank you for using QUAST!
