[2025-04-07 14:15:16] INFO: Starting Flye 2.9.5-b1801
[2025-04-07 14:15:16] INFO: >>>STAGE: configure
[2025-04-07 14:15:16] INFO: Configuring run
[2025-04-07 14:19:01] INFO: Total read length: 10024814876
[2025-04-07 14:19:01] INFO: Reads N50/N90: 27021 / 7196
[2025-04-07 14:19:01] INFO: Minimum overlap set to 7000
[2025-04-07 14:19:01] INFO: >>>STAGE: assembly
[2025-04-07 14:19:01] INFO: Assembling disjointigs
[2025-04-07 14:19:01] INFO: Reading sequences
[2025-04-07 14:21:55] INFO: Counting k-mers:
0% 10% 20% 30% 40% 50% 60% 70% 80% 90% 100% 
[2025-04-07 14:30:51] INFO: Filling index table (1/2)
0% 10% 20% 30% 40% 50% 60% 70% % % 80% 90% 100% 
[2025-04-07 14:45:19] INFO: Filling index table (2/2)
0% 10% 20% 30% 40% 50% 60% 70% 80% 90% 100% 
[2025-04-07 15:04:26] INFO: Extending reads
[2025-04-07 15:17:45] INFO: Overlap-based coverage: 377
[2025-04-07 15:17:45] INFO: Median overlap divergence: 0.0860724
0% 50% 80% 90% 100% 
[2025-04-07 17:29:54] INFO: Assembled 71 disjointigs
[2025-04-07 17:30:01] INFO: Generating sequence
0% 10% 20% 30% 40% 50% 60% 70% 80% 90% 100% 
[2025-04-07 17:30:26] INFO: Filtering contained disjointigs
0% 10% 20% 30% 40% 50% 60% 70% 80% 90% 100% 
[2025-04-07 17:30:35] INFO: Contained seqs: 12
[2025-04-07 17:30:40] INFO: >>>STAGE: consensus
[2025-04-07 17:30:40] INFO: Running Minimap2
[2025-04-07 18:08:25] INFO: Computing consensus
[2025-04-07 18:39:31] INFO: Alignment error rate: 0.181917
[2025-04-07 18:39:32] INFO: >>>STAGE: repeat
[2025-04-07 18:39:32] INFO: Building and resolving repeat graph
[2025-04-07 18:39:32] INFO: Parsing disjointigs
[2025-04-07 18:39:33] INFO: Building repeat graph
0% 10% 20% 30% 40% 50% 60% 70% 80% 90% 100% 
[2025-04-07 18:40:15] INFO: Median overlap divergence: 0.0731422
[2025-04-07 18:40:16] INFO: Parsing reads
[2025-04-07 18:43:14] INFO: Aligning reads to the graph
0% 10% 20% 30% 40% 50% 60% 70% 80% 90% 100% 
[2025-04-07 18:56:27] INFO: Aligned read sequence: 8410706864 / 9049125522 (0.92945)
[2025-04-07 18:56:27] INFO: Median overlap divergence: 0.0630559
[2025-04-07 18:56:28] INFO: Mean edge coverage: 507
[2025-04-07 18:56:28] INFO: Simplifying the graph
[2025-04-07 18:56:36] INFO: >>>STAGE: contigger
[2025-04-07 18:56:36] INFO: Generating contigs
[2025-04-07 18:56:36] INFO: Reading sequences
[2025-04-07 18:59:37] INFO: Generated 100 contigs
[2025-04-07 18:59:37] INFO: Added 3 scaffold connections
[2025-04-07 18:59:40] INFO: >>>STAGE: polishing
[2025-04-07 18:59:40] INFO: Polishing genome (1/1)
[2025-04-07 18:59:40] INFO: Running minimap2
[2025-04-07 19:26:08] INFO: Separating alignment into bubbles
[2025-04-07 20:00:33] INFO: Alignment error rate: 0.156380
[2025-04-07 20:00:33] INFO: Correcting bubbles
0% 10% 20% 30% 40% 50% 60% 70% 80% 90% 100% 
[2025-04-07 22:13:21] INFO: >>>STAGE: finalize
[2025-04-07 22:13:22] INFO: Assembly statistics:

	Total length:	16931765
	Fragments:	48
	Fragments N50:	2069005
	Largest frg:	4646226
	Scaffolds:	0
	Mean coverage:	578

[2025-04-07 22:13:22] INFO: Final assembly: /home/bianc/genomeanalysis/analyses/dna_assembly/assembly.fasta
